-------------------------------------------------------------------------------
Test set: it.com.example.plugins.MyComponentWiredTest
-------------------------------------------------------------------------------
Tests run: 1, Failures: 0, Errors: 1, Skipped: 0, Time elapsed: 0.369 sec <<< FAILURE!
it.com.example.plugins.MyComponentWiredTest  Time elapsed: 0.367 sec  <<< ERROR!
java.lang.IllegalStateException: Missing base URL 'null'; is the 'baseurl' system property set?
	at com.atlassian.plugins.osgi.test.AtlassianPluginsTestRunner.getResourceUrl(AtlassianPluginsTestRunner.java:41)
	at com.atlassian.plugins.osgi.test.AtlassianPluginsTestRunner.runViaRestCall(AtlassianPluginsTestRunner.java:95)
	at com.atlassian.plugins.osgi.test.AtlassianPluginsTestRunner.run(AtlassianPluginsTestRunner.java:77)
	at org.apache.maven.surefire.junit4.JUnit4Provider.execute(JUnit4Provider.java:252)
	at org.apache.maven.surefire.junit4.JUnit4Provider.executeTestSet(JUnit4Provider.java:141)
	at org.apache.maven.surefire.junit4.JUnit4Provider.invoke(JUnit4Provider.java:112)
	at java.base/jdk.internal.reflect.NativeMethodAccessorImpl.invoke0(Native Method)
	at java.base/jdk.internal.reflect.NativeMethodAccessorImpl.invoke(NativeMethodAccessorImpl.java:62)
	at java.base/jdk.internal.reflect.DelegatingMethodAccessorImpl.invoke(DelegatingMethodAccessorImpl.java:43)
	at java.base/java.lang.reflect.Method.invoke(Method.java:566)
	at org.apache.maven.surefire.util.ReflectionUtils.invokeMethodWithArray(ReflectionUtils.java:189)
	at org.apache.maven.surefire.booter.ProviderFactory$ProviderProxy.invoke(ProviderFactory.java:165)
	at org.apache.maven.surefire.booter.ProviderFactory.invokeProvider(ProviderFactory.java:85)
	at org.apache.maven.surefire.booter.ForkedBooter.runSuitesInProcess(ForkedBooter.java:115)
	at org.apache.maven.surefire.booter.ForkedBooter.main(ForkedBooter.java:75)

