<?xml version="1.0" encoding="UTF-8" ?>
<testsuite tests="1" failures="0" name="it.com.example.plugins.MyComponentWiredTest" time="0.367" errors="1" skipped="0">
  <properties>
[...]
</properties>
  <testcase classname="it.com.example.plugins.MyComponentWiredTest" name="it.com.example.plugins.MyComponentWiredTest" time="0.367">
    <error message="Missing base URL &apos;null&apos;; is the &apos;baseurl&apos; system property set?" type="java.lang.IllegalStateException">java.lang.IllegalStateException: Missing base URL &apos;null&apos;; is the &apos;baseurl&apos; system property set?
	at com.atlassian.plugins.osgi.test.AtlassianPluginsTestRunner.getResourceUrl(AtlassianPluginsTestRunner.java:41)
	at com.atlassian.plugins.osgi.test.AtlassianPluginsTestRunner.runViaRestCall(AtlassianPluginsTestRunner.java:95)
	at com.atlassian.plugins.osgi.test.AtlassianPluginsTestRunner.run(AtlassianPluginsTestRunner.java:77)
	at org.apache.maven.surefire.junit4.JUnit4Provider.execute(JUnit4Provider.java:252)
	at org.apache.maven.surefire.junit4.JUnit4Provider.executeTestSet(JUnit4Provider.java:141)
	at org.apache.maven.surefire.junit4.JUnit4Provider.invoke(JUnit4Provider.java:112)
	at java.base/jdk.internal.reflect.NativeMethodAccessorImpl.invoke0(Native Method)
	at java.base/jdk.internal.reflect.NativeMethodAccessorImpl.invoke(NativeMethodAccessorImpl.java:62)
	at java.base/jdk.internal.reflect.DelegatingMethodAccessorImpl.invoke(DelegatingMethodAccessorImpl.java:43)
	at java.base/java.lang.reflect.Method.invoke(Method.java:566)
	at org.apache.maven.surefire.util.ReflectionUtils.invokeMethodWithArray(ReflectionUtils.java:189)
	at org.apache.maven.surefire.booter.ProviderFactory$ProviderProxy.invoke(ProviderFactory.java:165)
	at org.apache.maven.surefire.booter.ProviderFactory.invokeProvider(ProviderFactory.java:85)
	at org.apache.maven.surefire.booter.ForkedBooter.runSuitesInProcess(ForkedBooter.java:115)
	at org.apache.maven.surefire.booter.ForkedBooter.main(ForkedBooter.java:75)
</error>
  </testcase>
</testsuite>